-------------------------------------------------------------------------------
Test set: com.liverton.consumingrest.ConsumingRestUtilTest
-------------------------------------------------------------------------------
Tests run: 1, Failures: 0, Errors: 1, Skipped: 0, Time elapsed: 0.479 s <<< FAILURE! - in com.liverton.consumingrest.ConsumingRestUtilTest
com.liverton.consumingrest.ConsumingRestUtilTest  Time elapsed: 0.47 s  <<< ERROR!
java.lang.IllegalStateException: Unable to find a @SpringBootConfiguration, you need to use @ContextConfiguration or @SpringBootTest(classes=...) with your test

